bizgram/build/app/outputs/mapping/release/seeds.txt
com.example.bizgram.MainActivity: MainActivity()
com.example.bizgram.MainActivity
...
com.google.firestore.v1.MapValue
com.google.common.util.concurrent.AbstractFuture: com.google.common.util.concurrent.AbstractFuture$Waiter waiters
com.google.firestore.v1.TargetChange
com.google.android.gms.internal.firebase-auth-api.zzgg
com.google.firestore.v1.Document: com.google.protobuf.Timestamp updateTime_
io.flutter.embedding.engine.systemchannels.PlatformChannel$SystemUiOverlay: io.flutter.embedding.engine.systemchannels.PlatformChannel$SystemUiOverlay valueOf(java.lang.String)
com.google.firebase.firestore.Query$Direction: com.google.firebase.firestore.Query$Direction[] values()
com.google.android.gms.internal.measurement.zzgt: int zzf
com.google.firebase.firestore.proto.Target: com.google.protobuf.Timestamp snapshotVersion_
com.google.firestore.v1.ExistenceFilter: int TARGET_ID_FIELD_NUMBER
com.google.firestore.v1.StructuredQuery$FieldReference: com.google.protobuf.Parser PARSER
com.google.firebase.auth.internal.zzx: android.os.Parcelable$Creator CREATOR
com.google.firebase.iid.Registrar
com.google.firestore.v1.Write: com.google.firestore.v1.Write DEFAULT_INSTANCE
com.google.firestore.v1.Write: com.google.firestore.v1.Precondition currentDocument_
com.google.firebase.Timestamp: android.os.Parcelable$Creator CREATOR
io.flutter.embedding.engine.FlutterOverlaySurface: FlutterOverlaySurface(int,android.view.Surface)
com.google.android.gms.internal.firebase-auth-api.zzho: com.google.android.gms.internal.firebase-auth-api.zziw zzf
com.google.firebase.auth.internal.RecaptchaActivity
androidx.lifecycle.Lifecycle$Event: androidx.lifecycle.Lifecycle$Event ON_CREATE
io.grpc.okhttp.OkHttpChannelBuilder: io.grpc.okhttp.OkHttpChannelBuilder forTarget(java.lang.String)
com.google.android.gms.internal.firebase-auth-api.zzez: com.google.android.gms.internal.firebase-auth-api.zzez zzb
io.flutter.embedding.engine.FlutterJNI: long nativeAttach(io.flutter.embedding.engine.FlutterJNI,boolean)
com.google.firestore.v1.CommitResponse: com.google.protobuf.Parser PARSER
com.google.firestore.v1.CommitRequest: com.google.protobuf.ByteString transaction_
io.flutter.embedding.engine.FlutterJNI: void onSurfaceChanged(int,int)
io.flutter.embedding.engine.FlutterJNI: void nativeUnregisterTexture(long,long)
androidx.lifecycle.Lifecycle$Event: androidx.lifecycle.Lifecycle$Event ON_RESUME
com.google.android.gms.internal.firebase-auth-api.zziw: com.google.android.gms.internal.firebase-auth-api.zzaab zzf
com.google.firebase.firestore.local.QueryPurpose: com.google.firebase.firestore.local.QueryPurpose valueOf(java.lang.String)
com.google.protobuf.GeneratedMessageLite: int memoizedSerializedSize
io.flutter.embedding.engine.mutatorsstack.FlutterMutatorsStack: java.util.List getFinalClippingPaths()
io.flutter.embedding.engine.renderer.SurfaceTextureWrapper: void getTransformMatrix(float[])
com.google.android.gms.measurement.internal.AppMeasurementDynamiteService: void initialize(com.google.android.gms.dynamic.IObjectWrapper,com.google.android.gms.internal.measurement.zzcl,long)
com.google.android.gms.measurement.AppMeasurement$ConditionalUserProperty: long mTriggeredTimestamp
com.google.android.gms.internal.measurement.zzfy: int zza
io.grpc.internal.SerializingExecutor: int runState
com.google.android.gms.internal.measurement.zzfw: com.google.android.gms.internal.measurement.zzkg zze
com.google.protobuf.Writer$FieldOrder: com.google.protobuf.Writer$FieldOrder[] values()
com.google.firebase.firestore.core.UserData$Source: com.google.firebase.firestore.core.UserData$Source[] values()
io.grpc.okhttp.internal.framed.HeadersMode: io.grpc.okhttp.internal.framed.HeadersMode valueOf(java.lang.String)
com.google.android.gms.measurement.internal.AppMeasurementDynamiteService: AppMeasurementDynamiteService()
com.google.firestore.v1.WriteRequest
io.grpc.InternalChannelz$ChannelTrace$Event$Severity: io.grpc.InternalChannelz$ChannelTrace$Event$Severity valueOf(java.lang.String)