bizgram/build/app/outputs/mapping/release/mapping.txt
# compiler: R8
# compiler_version: 2.1.62
# min_api: 16
# pg_map_id: 1f092d3
# common_typos_disable
...
com.google.android.gms.internal.firebase-auth-api.zzgd -> b.a.a.a.f.h.a8:
    com.google.android.gms.internal.firebase-auth-api.zzgc zzb() -> A
    com.google.android.gms.internal.firebase-auth-api.zzgd zzc() -> B
    com.google.android.gms.internal.firebase-auth-api.zzgd zzd(com.google.android.gms.internal.firebase-auth-api.zzyu,com.google.android.gms.internal.firebase-auth-api.zzzj) -> C
    void zze(com.google.android.gms.internal.firebase-auth-api.zzgd,int) -> D
    java.lang.Object zzj(int,java.lang.Object,java.lang.Object) -> k
    int zza() -> z
com.google.android.gms.internal.firebase-auth-api.zzge -> b.a.a.a.f.h.b8:
com.google.android.gms.internal.firebase-auth-api.zzgf -> b.a.a.a.f.h.c8:
    com.google.android.gms.internal.firebase-auth-api.zzgf zza(com.google.android.gms.internal.firebase-auth-api.zzyu) -> i
    com.google.android.gms.internal.firebase-auth-api.zzgf zzb(int) -> j
com.google.android.gms.internal.firebase-auth-api.zzgg -> b.a.a.a.f.h.d8:
    com.google.android.gms.internal.firebase-auth-api.zzgf zzb() -> A
    com.google.android.gms.internal.firebase-auth-api.zzgg zzc() -> B
    com.google.android.gms.internal.firebase-auth-api.zzgg zzd(com.google.android.gms.internal.firebase-auth-api.zzyu,com.google.android.gms.internal.firebase-auth-api.zzzj) -> C
    com.google.android.gms.internal.firebase-auth-api.zzyu zze() -> D
    void zzf(com.google.android.gms.internal.firebase-auth-api.zzgg,int) -> E
    void zzg(com.google.android.gms.internal.firebase-auth-api.zzgg,com.google.android.gms.internal.firebase-auth-api.zzyu) -> F
    java.lang.Object zzj(int,java.lang.Object,java.lang.Object) -> k
    int zza() -> z
com.google.android.gms.internal.firebase-auth-api.zzgh -> b.a.a.a.f.h.e8:
com.google.android.gms.internal.firebase-auth-api.zzgi -> b.a.a.a.f.h.f8:
    com.google.android.gms.internal.firebase-auth-api.zzgi zza(int) -> i
com.google.android.gms.internal.firebase-auth-api.zzgj -> b.a.a.a.f.h.g8:
    com.google.android.gms.internal.firebase-auth-api.zzgi zzb() -> A
    com.google.android.gms.internal.firebase-auth-api.zzgj zzc() -> B
    com.google.android.gms.internal.firebase-auth-api.zzgj zzd(com.google.android.gms.internal.firebase-auth-api.zzyu,com.google.android.gms.internal.firebase-auth-api.zzzj) -> C
    void zze(com.google.android.gms.internal.firebase-auth-api.zzgj,int) -> D
    java.lang.Object zzj(int,java.lang.Object,java.lang.Object) -> k
    int zza() -> z
com.google.android.gms.internal.firebase-auth-api.zzgk -> b.a.a.a.f.h.h8:
com.google.android.gms.internal.firebase-auth-api.zzgl -> b.a.a.a.f.h.i8:
    com.google.android.gms.internal.firebase-auth-api.zzgl zza(com.google.android.gms.internal.firebase-auth-api.zzyu) -> i
    com.google.android.gms.internal.firebase-auth-api.zzgl zzb(int) -> j
com.google.android.gms.internal.firebase-auth-api.zzgm -> b.a.a.a.f.h.j8:
    com.google.android.gms.internal.firebase-auth-api.zzgl zzb() -> A
    com.google.android.gms.internal.firebase-auth-api.zzgm zzc() -> B
    com.google.android.gms.internal.firebase-auth-api.zzgm zzd(com.google.android.gms.internal.firebase-auth-api.zzyu,com.google.android.gms.internal.firebase-auth-api.zzzj) -> C
    com.google.android.gms.internal.firebase-auth-api.zzyu zze() -> D
    void zzf(com.google.android.gms.internal.firebase-auth-api.zzgm,int) -> E
    void zzg(com.google.android.gms.internal.firebase-auth-api.zzgm,com.google.android.gms.internal.firebase-auth-api.zzyu) -> F
    java.lang.Object zzj(int,java.lang.Object,java.lang.Object) -> k
    int zza() -> z
com.google.android.gms.internal.firebase-auth-api.zzgn -> b.a.a.a.f.h.k8:
com.google.android.gms.internal.firebase-auth-api.zzgo -> b.a.a.a.f.h.l8: