bizgram/build/app/outputs/mapping/release/usage.txt
com.example.bizgram.R$drawable
com.example.bizgram.R$integer
com.example.bizgram.R$layout
com.example.bizgram.R$id
com.example.bizgram.R$attr
com.example.bizgram.R$styleable
com.example.bizgram.R$dimen
com.example.bizgram.R
com.example.bizgram.R$color
com.example.bizgram.R$mipmap
com.example.bizgram.R$style
com.example.bizgram.R$string
com.example.bizgram.R$xml
com.example.bizgram.BuildConfig
...
com.google.android.gms.internal.auth-api.zzu
com.google.common.collect.FilteredKeyMultimap
io.grpc.ServerStreamTracer
androidx.core.R$color
io.grpc.Attributes$Builder:
    public io.grpc.Attributes$Builder setAll(io.grpc.Attributes)
com.google.common.cache.RemovalCause$1
com.google.android.gms.auth.api.accounttransfer.zza
androidx.core.view.GestureDetectorCompat$GestureDetectorCompatImplBase$GestureHandler
kotlin.concurrent.ThreadsKt$thread$thread$1
com.google.api.MonitoringOrBuilder
kotlin.concurrent.TimersKt$timerTask$1
okhttp3.internal.http.HttpCodec:
    public static final int DISCARD_STREAM_TIMEOUT_MILLIS
kotlin.ranges.UIntProgression$Companion
com.google.firebase.appcheck.interop.R$styleable
com.google.firestore.v1.StructuredQuery$FieldReference$Builder:
    public java.lang.String getFieldPath()
    public com.google.protobuf.ByteString getFieldPathBytes()
    public com.google.firestore.v1.StructuredQuery$FieldReference$Builder clearFieldPath()
    public com.google.firestore.v1.StructuredQuery$FieldReference$Builder setFieldPathBytes(com.google.protobuf.ByteString)
com.google.api.OAuthRequirements
com.squareup.okhttp.Dispatcher
kotlin.collections.ArraysKt___ArraysJvmKt$asList$6
com.google.firestore.v1.DeleteDocumentRequest$1
com.google.common.util.concurrent.SimpleTimeLimiter$1$1
com.google.android.gms.cloudmessaging.IMessengerCompat$Impl
kotlin.collections.SetsKt__SetsKt
com.google.rpc.context.AttributeContext$ResponseOrBuilder
com.squareup.okhttp.Headers:
    private void <init>(java.lang.String[])
    private static java.lang.String get(java.lang.String[],java.lang.String)
    public static varargs com.squareup.okhttp.Headers of(java.lang.String[])
    public static com.squareup.okhttp.Headers of(java.util.Map)
    public java.lang.String get(java.lang.String)
    public java.util.Date getDate(java.lang.String)
    public java.util.Set names()
    public java.util.List values(java.lang.String)
    public com.squareup.okhttp.Headers$Builder newBuilder()
    public java.util.Map toMultimap()
kotlin.UInt
com.google.firebase.firestore.model.Document:
    public abstract boolean isValidDocument()
    public abstract boolean isUnknownDocument()
io.grpc.inprocess.InProcessSocketAddress
com.google.protobuf.UnsafeUtil$JvmMemoryAccessor:
    public byte getByte(long)
    public void putByte(long,byte)
    public int getInt(long)
    public void putInt(long,int)
    public long getLong(long)
    public void putLong(long,long)
    public void copyMemory(long,byte[],long,long)
    public void copyMemory(byte[],long,long,long)
    public java.lang.Object getStaticObject(java.lang.reflect.Field)
kotlin.io.FilesKt__FilePathComponentsKt
com.google.api.BillingOrBuilder
com.google.android.gms.ads.identifier.AdvertisingIdClient:
    public void <init>(android.content.Context)
    private final boolean zzb()
    public static boolean getIsAdIdFakeForDebugLogging(android.content.Context)
    public void start()
androidx.core.text.util.LinkifyCompat$LinkSpec
androidx.core.app.NotificationCompat$WearableExtender
kotlin.collections.ArraysKt___ArraysKt$asSequence$$inlined$Sequence$5
androidx.annotation.BoolRes
com.google.common.graph.AbstractNetwork$1$1$1
androidx.lifecycle.AndroidViewModel
com.google.firebase.components.BuildConfig
com.google.common.collect.Sets$5$1
kotlin.coroutines.experimental.CombinedContext
com.google.firebase.appcheck.interop.BuildConfig
androidx.loader.app.LoaderManagerImpl$LoaderViewModel:
    void removeLoader(int)
    boolean hasRunningLoaders()
com.google.firebase.heartbeatinfo.AutoValue_SdkHeartBeatResult
kotlin.collections.IndexingIterable
androidx.core.app.FrameMetricsAggregator$FrameMetricsBaseImpl
com.google.common.collect.CompactHashMap$1
com.google.common.primitives.UnsignedInts